# JRE version: OpenJDK Runtime Environment Temurin-21.0.9+10 (21.0.9+10) (build 21.0.9+10-LTS)
# Java VM: OpenJDK 64-Bit Server VM Temurin-21.0.9+10 (21.0.9+10-LTS, mixed mode, sharing, tiered, compressed oops, compressed class ptrs, parallel gc, windows-amd64)
GC Precious Log:
 CardTable entry size: 512
 CPUs: 16 total, 16 available
 Memory: 16076M
 Large Page Support: Disabled
 NUMA Support: Disabled
 Compressed Oops: Enabled (32-bit)
 Alignments: Space 512K, Generation 512K, Heap 2M
 Heap Min Capacity: 100M
 Heap Initial Capacity: 100M
 Heap Max Capacity: 2G
 Pre-touch: Disabled
 Parallel Workers: 13
Heap:
 PSYoungGen      total 11776K, used 7476K [0x00000000d5580000, 0x00000000d7300000, 0x0000000100000000)
  eden space 7168K, 40% used [0x00000000d5580000,0x00000000d584d380,0x00000000d5c80000)
  from space 4608K, 100% used [0x00000000d5c80000,0x00000000d6100000,0x00000000d6100000)
  to   space 10752K, 0% used [0x00000000d6880000,0x00000000d6880000,0x00000000d7300000)
 ParOldGen       total 487424K, used 487298K [0x0000000080000000, 0x000000009dc00000, 0x00000000d5580000)
  object space 487424K, 99% used [0x0000000080000000,0x000000009dbe09c0,0x000000009dc00000)
 Metaspace       used 57754K, committed 59072K, reserved 1114112K
  class space    used 6252K, committed 6848K, reserved 1048576K
GC Heap History (20 events):
Event: 86.173 GC heap before
{Heap before GC invocations=216 (full 2):
 PSYoungGen      total 11776K, used 11069K [0x00000000d5580000, 0x00000000d6800000, 0x0000000100000000)
  eden space 7680K, 91% used [0x00000000d5580000,0x00000000d5c65308,0x00000000d5d00000)
  from space 4096K, 97% used [0x00000000d5f00000,0x00000000d62ea2a0,0x00000000d6300000)
  to   space 5120K, 0% used [0x00000000d6300000,0x00000000d6300000,0x00000000d6800000)
 ParOldGen       total 407552K, used 407088K [0x0000000080000000, 0x0000000098e00000, 0x00000000d5580000)
  object space 407552K, 99% used [0x0000000080000000,0x0000000098d8c1e0,0x0000000098e00000)
 Metaspace       used 57714K, committed 59008K, reserved 1114112K
  class space    used 6248K, committed 6848K, reserved 1048576K
}
Event: 86.178 GC heap after
{Heap after GC invocations=216 (full 2):
 PSYoungGen      total 11776K, used 3889K [0x00000000d5580000, 0x00000000d6700000, 0x0000000100000000)
  eden space 7680K, 0% used [0x00000000d5580000,0x00000000d5580000,0x00000000d5d00000)
  from space 4096K, 94% used [0x00000000d6300000,0x00000000d66cc520,0x00000000d6700000)
  to   space 4096K, 0% used [0x00000000d5f00000,0x00000000d5f00000,0x00000000d6300000)
 ParOldGen       total 409088K, used 408897K [0x0000000080000000, 0x0000000098f80000, 0x00000000d5580000)
  object space 409088K, 99% used [0x0000000080000000,0x0000000098f506e0,0x0000000098f80000)
 Metaspace       used 57714K, committed 59008K, reserved 1114112K
  class space    used 6248K, committed 6848K, reserved 1048576K
}
Event: 86.342 GC heap before
{Heap before GC invocations=217 (full 2):
 PSYoungGen      total 11776K, used 11569K [0x00000000d5580000, 0x00000000d6700000, 0x0000000100000000)
  eden space 7680K, 100% used [0x00000000d5580000,0x00000000d5d00000,0x00000000d5d00000)
  from space 4096K, 94% used [0x00000000d6300000,0x00000000d66cc520,0x00000000d6700000)
  to   space 4096K, 0% used [0x00000000d5f00000,0x00000000d5f00000,0x00000000d6300000)
 ParOldGen       total 454656K, used 453896K [0x0000000080000000, 0x000000009bc00000, 0x00000000d5580000)
  object space 454656K, 99% used [0x0000000080000000,0x000000009bb42240,0x000000009bc00000)
 Metaspace       used 57728K, committed 59008K, reserved 1114112K
  class space    used 6251K, committed 6848K, reserved 1048576K
}
Event: 86.346 GC heap after
{Heap after GC invocations=217 (full 2):
 PSYoungGen      total 8704K, used 832K [0x00000000d5580000, 0x00000000d6380000, 0x0000000100000000)
  eden space 7680K, 0% used [0x00000000d5580000,0x00000000d5580000,0x00000000d5d00000)
  from space 1024K, 81% used [0x00000000d5f00000,0x00000000d5fd0000,0x00000000d6000000)
  to   space 2048K, 0% used [0x00000000d6180000,0x00000000d6180000,0x00000000d6380000)
 ParOldGen       total 456192K, used 455274K [0x0000000080000000, 0x000000009bd80000, 0x00000000d5580000)
  object space 456192K, 99% used [0x0000000080000000,0x000000009bc9a9c0,0x000000009bd80000)
 Metaspace       used 57728K, committed 59008K, reserved 1114112K
  class space    used 6251K, committed 6848K, reserved 1048576K
}
Event: 86.400 GC heap before
{Heap before GC invocations=218 (full 2):
 PSYoungGen      total 8704K, used 8512K [0x00000000d5580000, 0x00000000d6380000, 0x0000000100000000)
  eden space 7680K, 100% used [0x00000000d5580000,0x00000000d5d00000,0x00000000d5d00000)
  from space 1024K, 81% used [0x00000000d5f00000,0x00000000d5fd0000,0x00000000d6000000)
  to   space 2048K, 0% used [0x00000000d6180000,0x00000000d6180000,0x00000000d6380000)
 ParOldGen       total 456192K, used 455274K [0x0000000080000000, 0x000000009bd80000, 0x00000000d5580000)
  object space 456192K, 99% used [0x0000000080000000,0x000000009bc9a9c0,0x000000009bd80000)
 Metaspace       used 57728K, committed 59008K, reserved 1114112K
  class space    used 6251K, committed 6848K, reserved 1048576K
}
Event: 86.413 GC heap after
{Heap after GC invocations=218 (full 2):
 PSYoungGen      total 7168K, used 2048K [0x00000000d5580000, 0x00000000d6b00000, 0x0000000100000000)
  eden space 5120K, 0% used [0x00000000d5580000,0x00000000d5580000,0x00000000d5a80000)
  from space 2048K, 100% used [0x00000000d6180000,0x00000000d6380000,0x00000000d6380000)
  to   space 7168K, 0% used [0x00000000d5a80000,0x00000000d5a80000,0x00000000d6180000)
 ParOldGen       total 459776K, used 459298K [0x0000000080000000, 0x000000009c100000, 0x00000000d5580000)
  object space 459776K, 99% used [0x0000000080000000,0x000000009c0889c0,0x000000009c100000)
 Metaspace       used 57728K, committed 59008K, reserved 1114112K
  class space    used 6251K, committed 6848K, reserved 1048576K
}
Event: 86.432 GC heap before
{Heap before GC invocations=219 (full 2):
 PSYoungGen      total 7168K, used 7168K [0x00000000d5580000, 0x00000000d6b00000, 0x0000000100000000)
  eden space 5120K, 100% used [0x00000000d5580000,0x00000000d5a80000,0x00000000d5a80000)
  from space 2048K, 100% used [0x00000000d6180000,0x00000000d6380000,0x00000000d6380000)
  to   space 7168K, 0% used [0x00000000d5a80000,0x00000000d5a80000,0x00000000d6180000)
 ParOldGen       total 459776K, used 459298K [0x0000000080000000, 0x000000009c100000, 0x00000000d5580000)
  object space 459776K, 99% used [0x0000000080000000,0x000000009c0889c0,0x000000009c100000)
 Metaspace       used 57728K, committed 59008K, reserved 1114112K
  class space    used 6251K, committed 6848K, reserved 1048576K
}
Event: 86.439 GC heap after
{Heap after GC invocations=219 (full 2):
 PSYoungGen      total 9216K, used 4032K [0x00000000d5580000, 0x00000000d6480000, 0x0000000100000000)
  eden space 5120K, 0% used [0x00000000d5580000,0x00000000d5580000,0x00000000d5a80000)
  from space 4096K, 98% used [0x00000000d5a80000,0x00000000d5e70000,0x00000000d5e80000)
  to   space 5120K, 0% used [0x00000000d5f80000,0x00000000d5f80000,0x00000000d6480000)
 ParOldGen       total 461824K, used 461386K [0x0000000080000000, 0x000000009c300000, 0x00000000d5580000)
  object space 461824K, 99% used [0x0000000080000000,0x000000009c2929c0,0x000000009c300000)
 Metaspace       used 57728K, committed 59008K, reserved 1114112K
  class space    used 6251K, committed 6848K, reserved 1048576K
}
Event: 86.481 GC heap before
{Heap before GC invocations=220 (full 2):
 PSYoungGen      total 9216K, used 9151K [0x00000000d5580000, 0x00000000d6480000, 0x0000000100000000)
  eden space 5120K, 99% used [0x00000000d5580000,0x00000000d5a7fff8,0x00000000d5a80000)
  from space 4096K, 98% used [0x00000000d5a80000,0x00000000d5e70000,0x00000000d5e80000)
  to   space 5120K, 0% used [0x00000000d5f80000,0x00000000d5f80000,0x00000000d6480000)
 ParOldGen       total 461824K, used 461386K [0x0000000080000000, 0x000000009c300000, 0x00000000d5580000)
  object space 461824K, 99% used [0x0000000080000000,0x000000009c2929c0,0x000000009c300000)
 Metaspace       used 57728K, committed 59008K, reserved 1114112K
  class space    used 6251K, committed 6848K, reserved 1048576K
}
Event: 86.493 GC heap after
{Heap after GC invocations=220 (full 2):
 PSYoungGen      total 9728K, used 4160K [0x00000000d5580000, 0x00000000d6400000, 0x0000000100000000)
  eden space 5120K, 0% used [0x00000000d5580000,0x00000000d5580000,0x00000000d5a80000)
  from space 4608K, 90% used [0x00000000d5f80000,0x00000000d6390000,0x00000000d6400000)
  to   space 4608K, 0% used [0x00000000d5b00000,0x00000000d5b00000,0x00000000d5f80000)
 ParOldGen       total 465408K, used 465322K [0x0000000080000000, 0x000000009c680000, 0x00000000d5580000)
  object space 465408K, 99% used [0x0000000080000000,0x000000009c66a9c0,0x000000009c680000)
 Metaspace       used 57728K, committed 59008K, reserved 1114112K
  class space    used 6251K, committed 6848K, reserved 1048576K
}
Event: 86.521 GC heap before
{Heap before GC invocations=221 (full 2):
 PSYoungGen      total 9728K, used 9280K [0x00000000d5580000, 0x00000000d6400000, 0x0000000100000000)
  eden space 5120K, 100% used [0x00000000d5580000,0x00000000d5a80000,0x00000000d5a80000)
  from space 4608K, 90% used [0x00000000d5f80000,0x00000000d6390000,0x00000000d6400000)
  to   space 4608K, 0% used [0x00000000d5b00000,0x00000000d5b00000,0x00000000d5f80000)
 ParOldGen       total 465408K, used 465322K [0x0000000080000000, 0x000000009c680000, 0x00000000d5580000)
  object space 465408K, 99% used [0x0000000080000000,0x000000009c66a9c0,0x000000009c680000)
 Metaspace       used 57728K, committed 59008K, reserved 1114112K
  class space    used 6251K, committed 6848K, reserved 1048576K
}
Event: 86.540 GC heap after
{Heap after GC invocations=221 (full 2):
 PSYoungGen      total 10240K, used 4096K [0x00000000d5580000, 0x00000000d6480000, 0x0000000100000000)
  eden space 5632K, 0% used [0x00000000d5580000,0x00000000d5580000,0x00000000d5b00000)
  from space 4608K, 88% used [0x00000000d5b00000,0x00000000d5f00000,0x00000000d5f80000)
  to   space 4608K, 0% used [0x00000000d6000000,0x00000000d6000000,0x00000000d6480000)
 ParOldGen       total 469504K, used 469394K [0x0000000080000000, 0x000000009ca80000, 0x00000000d5580000)
  object space 469504K, 99% used [0x0000000080000000,0x000000009ca649c0,0x000000009ca80000)
 Metaspace       used 57728K, committed 59008K, reserved 1114112K
  class space    used 6251K, committed 6848K, reserved 1048576K
}
Event: 86.571 GC heap before
{Heap before GC invocations=222 (full 2):
 PSYoungGen      total 10240K, used 9728K [0x00000000d5580000, 0x00000000d6480000, 0x0000000100000000)
  eden space 5632K, 100% used [0x00000000d5580000,0x00000000d5b00000,0x00000000d5b00000)
  from space 4608K, 88% used [0x00000000d5b00000,0x00000000d5f00000,0x00000000d5f80000)
  to   space 4608K, 0% used [0x00000000d6000000,0x00000000d6000000,0x00000000d6480000)
 ParOldGen       total 469504K, used 469394K [0x0000000080000000, 0x000000009ca80000, 0x00000000d5580000)
  object space 469504K, 99% used [0x0000000080000000,0x000000009ca649c0,0x000000009ca80000)
 Metaspace       used 57728K, committed 59008K, reserved 1114112K
  class space    used 6251K, committed 6848K, reserved 1048576K
}
Event: 86.590 GC heap after
{Heap after GC invocations=222 (full 2):
 PSYoungGen      total 10240K, used 4544K [0x00000000d5580000, 0x00000000d6680000, 0x0000000100000000)
  eden space 5632K, 0% used [0x00000000d5580000,0x00000000d5580000,0x00000000d5b00000)
  from space 4608K, 98% used [0x00000000d6000000,0x00000000d6470000,0x00000000d6480000)
  to   space 5120K, 0% used [0x00000000d5b00000,0x00000000d5b00000,0x00000000d6000000)
 ParOldGen       total 473600K, used 473346K [0x0000000080000000, 0x000000009ce80000, 0x00000000d5580000)
  object space 473600K, 99% used [0x0000000080000000,0x000000009ce409c0,0x000000009ce80000)
 Metaspace       used 57728K, committed 59008K, reserved 1114112K
  class space    used 6251K, committed 6848K, reserved 1048576K
}
Event: 86.623 GC heap before
{Heap before GC invocations=223 (full 2):
 PSYoungGen      total 10240K, used 10176K [0x00000000d5580000, 0x00000000d6680000, 0x0000000100000000)
  eden space 5632K, 100% used [0x00000000d5580000,0x00000000d5b00000,0x00000000d5b00000)
  from space 4608K, 98% used [0x00000000d6000000,0x00000000d6470000,0x00000000d6480000)
  to   space 5120K, 0% used [0x00000000d5b00000,0x00000000d5b00000,0x00000000d6000000)
 ParOldGen       total 473600K, used 473346K [0x0000000080000000, 0x000000009ce80000, 0x00000000d5580000)
  object space 473600K, 99% used [0x0000000080000000,0x000000009ce409c0,0x000000009ce80000)
 Metaspace       used 57728K, committed 59008K, reserved 1114112K
  class space    used 6251K, committed 6848K, reserved 1048576K
}
Event: 86.639 GC heap after
{Heap after GC invocations=223 (full 2):
 PSYoungGen      total 10752K, used 4448K [0x00000000d5580000, 0x00000000d6580000, 0x0000000100000000)
  eden space 5632K, 0% used [0x00000000d5580000,0x00000000d5580000,0x00000000d5b00000)
  from space 5120K, 86% used [0x00000000d5b00000,0x00000000d5f58000,0x00000000d6000000)
  to   space 4608K, 0% used [0x00000000d6100000,0x00000000d6100000,0x00000000d6580000)
 ParOldGen       total 478208K, used 477722K [0x0000000080000000, 0x000000009d300000, 0x00000000d5580000)
  object space 478208K, 99% used [0x0000000080000000,0x000000009d2869c0,0x000000009d300000)
 Metaspace       used 57728K, committed 59008K, reserved 1114112K
  class space    used 6251K, committed 6848K, reserved 1048576K
}
Event: 86.665 GC heap before
{Heap before GC invocations=224 (full 2):
 PSYoungGen      total 10752K, used 10080K [0x00000000d5580000, 0x00000000d6580000, 0x0000000100000000)
  eden space 5632K, 100% used [0x00000000d5580000,0x00000000d5b00000,0x00000000d5b00000)
  from space 5120K, 86% used [0x00000000d5b00000,0x00000000d5f58000,0x00000000d6000000)
  to   space 4608K, 0% used [0x00000000d6100000,0x00000000d6100000,0x00000000d6580000)
 ParOldGen       total 478208K, used 477722K [0x0000000080000000, 0x000000009d300000, 0x00000000d5580000)
  object space 478208K, 99% used [0x0000000080000000,0x000000009d2869c0,0x000000009d300000)
 Metaspace       used 57728K, committed 59008K, reserved 1114112K
  class space    used 6251K, committed 6848K, reserved 1048576K
}
Event: 86.681 GC heap after
{Heap after GC invocations=224 (full 2):
 PSYoungGen      total 11776K, used 4512K [0x00000000d5580000, 0x00000000d6580000, 0x0000000100000000)
  eden space 7168K, 0% used [0x00000000d5580000,0x00000000d5580000,0x00000000d5c80000)
  from space 4608K, 97% used [0x00000000d6100000,0x00000000d6568000,0x00000000d6580000)
  to   space 4608K, 0% used [0x00000000d5c80000,0x00000000d5c80000,0x00000000d6100000)
 ParOldGen       total 482304K, used 482066K [0x0000000080000000, 0x000000009d700000, 0x00000000d5580000)
  object space 482304K, 99% used [0x0000000080000000,0x000000009d6c49c0,0x000000009d700000)
 Metaspace       used 57728K, committed 59008K, reserved 1114112K
  class space    used 6251K, committed 6848K, reserved 1048576K
}
Event: 86.707 GC heap before
{Heap before GC invocations=225 (full 2):
 PSYoungGen      total 11776K, used 11680K [0x00000000d5580000, 0x00000000d6580000, 0x0000000100000000)
  eden space 7168K, 100% used [0x00000000d5580000,0x00000000d5c80000,0x00000000d5c80000)
  from space 4608K, 97% used [0x00000000d6100000,0x00000000d6568000,0x00000000d6580000)
  to   space 4608K, 0% used [0x00000000d5c80000,0x00000000d5c80000,0x00000000d6100000)
 ParOldGen       total 482304K, used 482066K [0x0000000080000000, 0x000000009d700000, 0x00000000d5580000)
  object space 482304K, 99% used [0x0000000080000000,0x000000009d6c49c0,0x000000009d700000)
 Metaspace       used 57728K, committed 59008K, reserved 1114112K
  class space    used 6251K, committed 6848K, reserved 1048576K
}
Event: 86.729 GC heap after
{Heap after GC invocations=225 (full 2):
 PSYoungGen      total 11776K, used 4608K [0x00000000d5580000, 0x00000000d7300000, 0x0000000100000000)
  eden space 7168K, 0% used [0x00000000d5580000,0x00000000d5580000,0x00000000d5c80000)
  from space 4608K, 100% used [0x00000000d5c80000,0x00000000d6100000,0x00000000d6100000)
  to   space 10752K, 0% used [0x00000000d6880000,0x00000000d6880000,0x00000000d7300000)
 ParOldGen       total 487424K, used 487298K [0x0000000080000000, 0x000000009dc00000, 0x00000000d5580000)
  object space 487424K, 99% used [0x0000000080000000,0x000000009dbe09c0,0x000000009dc00000)
 Metaspace       used 57728K, committed 59008K, reserved 1114112K
  class space    used 6251K, committed 6848K, reserved 1048576K
}

