# JRE version: Java(TM) SE Runtime Environment (25.0+37) (build 25+37-LTS-3491)
# Java VM: Java HotSpot(TM) 64-Bit Server VM (25+37-LTS-3491, mixed mode, sharing, tiered, compressed oops, compressed class ptrs, g1 gc, windows-amd64)
GC Precious Log:
 CardTable entry size: 512
 Card Set container configuration: InlinePtr #cards 4 size 8 Array Of Cards #cards 16 size 48 Howl #buckets 8 coarsen threshold 3686 Howl Bitmap #cards 512 size 80 coarsen threshold 460 Card regions per heap region 1 cards per card region 4096
 CPUs: 16 total, 16 available
 Memory: 16076M
 Large Page Support: Disabled
 NUMA Support: Disabled
 Compressed Oops: Enabled (Zero based)
 Heap Region Size: 2M
 Heap Min Capacity: 8M
 Heap Initial Capacity: 252M
 Heap Max Capacity: 4020M
 Pre-touch: Disabled
 Parallel Workers: 13
 Concurrent Workers: 3
 Concurrent Refinement Workers: 13
 Periodic GC: Disabled
Heap:
 garbage-first heap   total reserved 4116480K, committed 458752K, used 300726K [0x0000000704c00000, 0x0000000800000000)
  region size 2048K, 89 young (182272K), 7 survivors (14336K)
GC Heap Usage History (20 events):
Event: 8.787 {heap Before GC invocations=28 (full 0):
 garbage-first heap   total reserved 4116480K, committed 192512K, used 141514K [0x0000000704c00000, 0x0000000800000000)
  region size 2048K, 32 young (65536K), 2 survivors (4096K)
}
Event: 8.799 {heap After GC invocations=29 (full 0):
 garbage-first heap   total reserved 4116480K, committed 192512K, used 108028K [0x0000000704c00000, 0x0000000800000000)
  region size 2048K, 4 young (8192K), 4 survivors (8192K)
}
Event: 8.842 {heap Before GC invocations=29 (full 0):
 garbage-first heap   total reserved 4116480K, committed 192512K, used 153084K [0x0000000704c00000, 0x0000000800000000)
  region size 2048K, 26 young (53248K), 4 survivors (8192K)
}
Event: 8.860 {heap After GC invocations=30 (full 0):
 garbage-first heap   total reserved 4116480K, committed 192512K, used 127941K [0x0000000704c00000, 0x0000000800000000)
  region size 2048K, 4 young (8192K), 4 survivors (8192K)
}
Event: 8.918 {heap Before GC invocations=31 (full 0):
 garbage-first heap   total reserved 4116480K, committed 208896K, used 156613K [0x0000000704c00000, 0x0000000800000000)
  region size 2048K, 20 young (40960K), 4 survivors (8192K)
}
Event: 8.927 {heap After GC invocations=32 (full 0):
 garbage-first heap   total reserved 4116480K, committed 208896K, used 138113K [0x0000000704c00000, 0x0000000800000000)
  region size 2048K, 3 young (6144K), 3 survivors (6144K)
}
Event: 8.962 {heap Before GC invocations=32 (full 0):
 garbage-first heap   total reserved 4116480K, committed 208896K, used 172929K [0x0000000704c00000, 0x0000000800000000)
  region size 2048K, 20 young (40960K), 3 survivors (6144K)
}
Event: 8.974 {heap After GC invocations=33 (full 0):
 garbage-first heap   total reserved 4116480K, committed 208896K, used 153427K [0x0000000704c00000, 0x0000000800000000)
  region size 2048K, 3 young (6144K), 3 survivors (6144K)
}
Event: 9.012 {heap Before GC invocations=33 (full 0):
 garbage-first heap   total reserved 4116480K, committed 208896K, used 180051K [0x0000000704c00000, 0x0000000800000000)
  region size 2048K, 16 young (32768K), 3 survivors (6144K)
}
Event: 9.017 {heap After GC invocations=34 (full 0):
 garbage-first heap   total reserved 4116480K, committed 493568K, used 139238K [0x0000000704c00000, 0x0000000800000000)
  region size 2048K, 1 young (2048K), 1 survivors (2048K)
}
Event: 9.241 {heap Before GC invocations=34 (full 0):
 garbage-first heap   total reserved 4116480K, committed 493568K, used 319462K [0x0000000704c00000, 0x0000000800000000)
  region size 2048K, 89 young (182272K), 1 survivors (2048K)
}
Event: 9.255 {heap After GC invocations=35 (full 0):
 garbage-first heap   total reserved 4116480K, committed 493568K, used 159073K [0x0000000704c00000, 0x0000000800000000)
  region size 2048K, 11 young (22528K), 11 survivors (22528K)
}
Event: 9.295 {heap Before GC invocations=35 (full 0):
 garbage-first heap   total reserved 4116480K, committed 493568K, used 204129K [0x0000000704c00000, 0x0000000800000000)
  region size 2048K, 34 young (69632K), 11 survivors (22528K)
}
Event: 9.307 {heap After GC invocations=36 (full 0):
 garbage-first heap   total reserved 4116480K, committed 493568K, used 177603K [0x0000000704c00000, 0x0000000800000000)
  region size 2048K, 9 young (18432K), 9 survivors (18432K)
}
Event: 9.807 {heap Before GC invocations=37 (full 0):
 garbage-first heap   total reserved 4116480K, committed 493568K, used 339395K [0x0000000704c00000, 0x0000000800000000)
  region size 2048K, 94 young (192512K), 9 survivors (18432K)
}
Event: 9.827 {heap After GC invocations=38 (full 0):
 garbage-first heap   total reserved 4116480K, committed 493568K, used 199783K [0x0000000704c00000, 0x0000000800000000)
  region size 2048K, 12 young (24576K), 12 survivors (24576K)
}
Event: 9.987 {heap Before GC invocations=38 (full 0):
 garbage-first heap   total reserved 4116480K, committed 493568K, used 371815K [0x0000000704c00000, 0x0000000800000000)
  region size 2048K, 96 young (196608K), 12 survivors (24576K)
}
Event: 9.999 {heap After GC invocations=39 (full 0):
 garbage-first heap   total reserved 4116480K, committed 493568K, used 164215K [0x0000000704c00000, 0x0000000800000000)
  region size 2048K, 4 young (8192K), 4 survivors (8192K)
}
Event: 12.522 {heap Before GC invocations=39 (full 0):
 garbage-first heap   total reserved 4116480K, committed 493568K, used 366967K [0x0000000704c00000, 0x0000000800000000)
  region size 2048K, 103 young (210944K), 4 survivors (8192K)
}
Event: 12.532 {heap After GC invocations=40 (full 0):
 garbage-first heap   total reserved 4116480K, committed 849920K, used 169654K [0x0000000704c00000, 0x0000000800000000)
  region size 2048K, 7 young (14336K), 7 survivors (14336K)
}

